<?xml version="1.0" encoding="UTF-8"?>
<coverage generated="1761809214723" clover="3.2.0">
  <project timestamp="1761809214723" name="All files">
    <metrics statements="15" coveredstatements="11" conditionals="0" coveredconditionals="0" methods="2" coveredmethods="1" elements="17" coveredelements="12" complexity="0" loc="15" ncloc="15" packages="1" files="1" classes="1"/>
    <file name="app.js" path="C:\Users\Rijul\OneDrive\Desktop\cicode-demo\src\app.js">
      <metrics statements="15" coveredstatements="11" conditionals="0" coveredconditionals="0" methods="2" coveredmethods="1"/>
      <line num="1" count="1" type="stmt"/>
      <line num="2" count="1" type="stmt"/>
      <line num="4" count="1" type="stmt"/>
      <line num="7" count="1" type="stmt"/>
      <line num="8" count="1" type="stmt"/>
      <line num="10" count="1" type="stmt"/>
      <line num="15" count="1" type="stmt"/>
      <line num="16" count="1" type="stmt"/>
      <line num="17" count="1" type="stmt"/>
      <line num="21" count="1" type="stmt"/>
      <line num="22" count="0" type="stmt"/>
      <line num="23" count="0" type="stmt"/>
      <line num="24" count="0" type="stmt"/>
      <line num="26" count="0" type="stmt"/>
      <line num="30" count="1" type="stmt"/>
    </file>
  </project>
</coverage>
